{
  "stats": {
    "suites": 1,
    "tests": 4,
    "passes": 0,
    "pending": 0,
    "failures": 4,
    "start": "2024-10-23T09:02:10.476Z",
    "end": "2024-10-23T09:03:03.624Z",
    "duration": 53148,
    "testsRegistered": 4,
    "passPercent": 0,
    "pendingPercent": 0,
    "other": 0,
    "hasOther": false,
    "skipped": 0,
    "hasSkipped": false
  },
  "results": [
    {
      "uuid": "cefdaa77-e14b-4839-90e4-bab1a6baf93f",
      "title": "",
      "fullFile": "cypress\\e2e\\Motor Endorsement negative cases.cy.js",
      "file": "cypress\\e2e\\Motor Endorsement negative cases.cy.js",
      "beforeHooks": [],
      "afterHooks": [],
      "tests": [],
      "suites": [
        {
          "uuid": "8bec14ff-f43b-49aa-8352-68ea4e2776f7",
          "title": "GDIC CI Motor Endorsement - Negative Test Suite",
          "fullFile": "",
          "file": "",
          "beforeHooks": [],
          "afterHooks": [],
          "tests": [
            {
              "title": "Negative Test - Invalid Login Credentials",
              "fullTitle": "GDIC CI Motor Endorsement - Negative Test Suite Negative Test - Invalid Login Credentials",
              "timedOut": null,
              "duration": 7342,
              "state": "failed",
              "speed": null,
              "pass": false,
              "fail": true,
              "pending": false,
              "context": null,
              "code": "cy.log('Step 1: Visiting the login page.');\n// Attempt login with incorrect credentials\ncy.log('Step 2: Entering invalid username.');\ncy.get('.mb-5 > .input-group > .form-control').click().type('wrongUser');\ncy.log('Step 3: Entering invalid password.');\ncy.get(':nth-child(3) > .input-group > .form-control').click().type('wrongPassword');\ncy.log('Step 4: Clicking on the login button.');\ncy.get('#kt_login_signin_submit').click();\n// Verify error message is displayed\ncy.log('Step 5: Verifying that error message is displayed for invalid credentials.');\ncy.get('.alert-danger').should('be.visible').and('contain', 'Invalid username or password');\ncy.log('Completed test for invalid login credentials.');",
              "err": {
                "message": "AssertionError: Timed out retrying after 4000ms: Expected to find element: `.alert-danger`, but never found it.",
                "estack": "AssertionError: Timed out retrying after 4000ms: Expected to find element: `.alert-danger`, but never found it.\n    at Context.eval (webpack://cypress-project/./cypress/e2e/Motor Endorsement negative cases.cy.js:28:32)",
                "diff": null
              },
              "uuid": "04f407ea-732c-4109-b0df-0eb0ec2150ab",
              "parentUUID": "8bec14ff-f43b-49aa-8352-68ea4e2776f7",
              "isHook": false,
              "skipped": false
            },
            {
              "title": "Negative Test - Missing Required Fields in Endorsement Form",
              "fullTitle": "GDIC CI Motor Endorsement - Negative Test Suite Negative Test - Missing Required Fields in Endorsement Form",
              "timedOut": null,
              "duration": 13039,
              "state": "failed",
              "speed": null,
              "pass": false,
              "fail": true,
              "pending": false,
              "context": null,
              "code": "cy.log('Step 1: Logging in with valid credentials.');\n// Perform login\ncy.get('.mb-5 > .input-group > .form-control').click().type('22222');\ncy.get(':nth-child(3) > .input-group > .form-control').click().type('APURNAKHAN1412');\ncy.get('#kt_login_signin_submit').click();\ncy.log('Step 2: Waiting for the page to load.');\ncy.wait(2000);\n// Navigate to the motor insurance module\ncy.log('Step 3: Selecting \"AHO\" from the dropdown.');\ncy.get('.ng-select-container').click();\ncy.get('.ng-option').contains('AHO').click();\ncy.log('Step 4: Navigating to the motor insurance module.');\ncy.get(':nth-child(3) > .menu-toggle > .menu-arrow').click();\ncy.get('.menu-item-open > .menu-submenu > .menu-subnav > :nth-child(4) > .menu-link > .menu-text').click();\ncy.wait(2000);\ncy.log('Step 5: Selecting a policy without filling in the required fields.');\ncy.get(':nth-child(4) > :nth-child(9) > :nth-child(1) > .d-inline-block > #dropdownBasic1').click({\n  force: true\n});\ncy.get(':nth-child(4) > :nth-child(9) > :nth-child(1) > .d-inline-block > .dropdown-menu > :nth-child(3)').click({\n  force: true\n});\ncy.log('Step 6: Clicking the continue button without filling the required fields.');\ncy.get('.flex > .btn').click();\n// Assert that an error message appears for missing fields\ncy.log('Step 7: Verifying error message for missing fields.');\ncy.get('.alert-danger').should('be.visible').and('contain', 'This field is required');\ncy.log('Completed test for missing required fields.');",
              "err": {
                "message": "AssertionError: Timed out retrying after 4000ms: Expected to find element: `:nth-child(4) > :nth-child(9) > :nth-child(1) > .d-inline-block > .dropdown-menu > :nth-child(3)`, but never found it.",
                "estack": "AssertionError: Timed out retrying after 4000ms: Expected to find element: `:nth-child(4) > :nth-child(9) > :nth-child(1) > .d-inline-block > .dropdown-menu > :nth-child(3)`, but never found it.\n    at Context.eval (webpack://cypress-project/./cypress/e2e/Motor Endorsement negative cases.cy.js:56:11)",
                "diff": null
              },
              "uuid": "7a983ec2-5b50-4839-a4e1-ecf1594843c1",
              "parentUUID": "8bec14ff-f43b-49aa-8352-68ea4e2776f7",
              "isHook": false,
              "skipped": false
            },
            {
              "title": "Negative Test - Invalid Input for Change in Sum Insured",
              "fullTitle": "GDIC CI Motor Endorsement - Negative Test Suite Negative Test - Invalid Input for Change in Sum Insured",
              "timedOut": null,
              "duration": 17688,
              "state": "failed",
              "speed": null,
              "pass": false,
              "fail": true,
              "pending": false,
              "context": null,
              "code": "cy.log('Step 1: Logging in with valid credentials.');\n// Perform login\ncy.get('.mb-5 > .input-group > .form-control').click().type('22222');\ncy.get(':nth-child(3) > .input-group > .form-control').click().type('APURNAKHAN1412');\ncy.get('#kt_login_signin_submit').click();\ncy.log('Step 2: Waiting for the page to load.');\ncy.wait(2000);\n// Navigate to the motor insurance module\ncy.log('Step 3: Selecting \"AHO\" from the dropdown.');\ncy.get('.ng-select-container').click();\ncy.get('.ng-option').contains('AHO').click();\ncy.log('Step 4: Navigating to the motor insurance module.');\ncy.get(':nth-child(3) > .menu-toggle > .menu-arrow').click();\ncy.get('.menu-item-open > .menu-submenu > .menu-subnav > :nth-child(4) > .menu-link > .menu-text').click();\ncy.wait(2000);\ncy.log('Step 5: Selecting a policy for endorsement.');\ncy.get(':nth-child(2) > :nth-child(9) > :nth-child(1) > .d-inline-block > #dropdownBasic1').click({\n  force: true\n});\ncy.get(':nth-child(2) > :nth-child(9) > :nth-child(1) > .d-inline-block > .dropdown-menu > :nth-child(3)').click({\n  force: true\n});\n// Select Financial Endorsement and Change in Sum Insured\ncy.log('Step 6: Selecting \"Financial\" endorsement type.');\ncy.get(':nth-child(1) > .select-group > .ng-select > .ng-select-container > .ng-value-container > .ng-input > input').click();\ncy.get('.ng-option').contains('Financial').click();\ncy.log('Step 7: Selecting \"Change in Sum Insured\".');\ncy.get(':nth-child(2) > .select-group > .ng-select > .ng-select-container > .ng-value-container > .ng-input > input').click();\ncy.get('.ng-option').contains('Change in Sum Insured').click();\ncy.log('Step 8: Entering an invalid sum insured value (-5000).');\ncy.get(':nth-child(17) > .input-group > .form-control').type('-5000');\ncy.log('Step 9: Clicking the continue button with invalid sum insured.');\ncy.get('.flex > .btn').click();\n// Verify that an error message appears\ncy.log('Step 10: Verifying error message for invalid sum insured value.');\ncy.get('.alert-danger').should('be.visible').and('contain', 'Invalid sum insured value');\ncy.log('Completed test for invalid sum insured value.');",
              "err": {
                "message": "AssertionError: Timed out retrying after 4000ms: Expected to find element: `.alert-danger`, but never found it.",
                "estack": "AssertionError: Timed out retrying after 4000ms: Expected to find element: `.alert-danger`, but never found it.\n    at Context.eval (webpack://cypress-project/./cypress/e2e/Motor Endorsement negative cases.cy.js:110:32)",
                "diff": null
              },
              "uuid": "0c2291f4-1469-4e13-9ec0-4e4a37737c30",
              "parentUUID": "8bec14ff-f43b-49aa-8352-68ea4e2776f7",
              "isHook": false,
              "skipped": false
            },
            {
              "title": "Negative Test - Upload Unsupported File Format",
              "fullTitle": "GDIC CI Motor Endorsement - Negative Test Suite Negative Test - Upload Unsupported File Format",
              "timedOut": null,
              "duration": 14760,
              "state": "failed",
              "speed": null,
              "pass": false,
              "fail": true,
              "pending": false,
              "context": null,
              "code": "cy.log('Step 1: Logging in with valid credentials.');\n// Perform login\ncy.get('.mb-5 > .input-group > .form-control').click().type('22222');\ncy.get(':nth-child(3) > .input-group > .form-control').click().type('APURNAKHAN1412');\ncy.get('#kt_login_signin_submit').click();\ncy.log('Step 2: Waiting for the page to load.');\ncy.wait(2000);\ncy.log('Step 3: Selecting \"AHO\" from the dropdown.');\ncy.get('.ng-select-container').click();\ncy.get('.ng-option').contains('AHO').click();\ncy.log('Step 4: Navigating to the motor insurance module.');\ncy.get(':nth-child(3) > .menu-toggle > .menu-arrow').click();\ncy.get('.menu-item-open > .menu-submenu > .menu-subnav > :nth-child(4) > .menu-link > .menu-text').click();\ncy.wait(2000);\ncy.log('Step 5: Selecting a policy for endorsement.');\ncy.get(':nth-child(2) > :nth-child(9) > :nth-child(1) > .d-inline-block > #dropdownBasic1').click({\n  force: true\n});\ncy.get(':nth-child(2) > :nth-child(9) > :nth-child(1) > .d-inline-block > .dropdown-menu > :nth-child(3)').click({\n  force: true\n});\ncy.log('Step 6: Trying to upload an unsupported file format.');\nconst unsupportedFile = 'unsupported_file.txt';\ncy.get('label > #fileUpload').attachFile(unsupportedFile);\n// Verify that an error message is displayed for unsupported file type\ncy.log('Step 7: Verifying error message for unsupported file upload.');\ncy.get('.alert-danger').should('be.visible').and('contain', 'Unsupported file format');\ncy.log('Completed test for unsupported file upload.');",
              "err": {
                "message": "AssertionError: Timed out retrying after 4000ms: Expected to find element: `label > #fileUpload`, but never found it.",
                "estack": "AssertionError: Timed out retrying after 4000ms: Expected to find element: `label > #fileUpload`, but never found it.\n    at Context.eval (webpack://cypress-project/./cypress/e2e/Motor Endorsement negative cases.cy.js:141:11)",
                "diff": null
              },
              "uuid": "d751e028-4977-4379-af8e-57d4ee808e22",
              "parentUUID": "8bec14ff-f43b-49aa-8352-68ea4e2776f7",
              "isHook": false,
              "skipped": false
            }
          ],
          "suites": [],
          "passes": [],
          "failures": [
            "04f407ea-732c-4109-b0df-0eb0ec2150ab",
            "7a983ec2-5b50-4839-a4e1-ecf1594843c1",
            "0c2291f4-1469-4e13-9ec0-4e4a37737c30",
            "d751e028-4977-4379-af8e-57d4ee808e22"
          ],
          "pending": [],
          "skipped": [],
          "duration": 52829,
          "root": false,
          "rootEmpty": false,
          "_timeout": 2000
        }
      ],
      "passes": [],
      "failures": [],
      "pending": [],
      "skipped": [],
      "duration": 0,
      "root": true,
      "rootEmpty": true,
      "_timeout": 2000
    }
  ],
  "meta": {
    "mocha": {
      "version": "7.0.1"
    },
    "mochawesome": {
      "options": {
        "quiet": false,
        "reportFilename": "mochawesome",
        "saveHtml": false,
        "saveJson": true,
        "consoleReporter": "spec",
        "useInlineDiffs": false,
        "code": true
      },
      "version": "7.1.3"
    },
    "marge": {
      "options": {
        "reportDir": "cypress/reports",
        "overwrite": false,
        "html": false,
        "json": true
      },
      "version": "6.2.0"
    }
  }
}