{
  "stats": {
    "suites": 1,
    "tests": 1,
    "passes": 0,
    "pending": 0,
    "failures": 1,
    "start": "2024-10-23T08:58:54.414Z",
    "end": "2024-10-23T08:59:13.022Z",
    "duration": 18608,
    "testsRegistered": 1,
    "passPercent": 0,
    "pendingPercent": 0,
    "other": 0,
    "hasOther": false,
    "skipped": 0,
    "hasSkipped": false
  },
  "results": [
    {
      "uuid": "74ca5487-3654-42db-b8d7-75e1ea13beeb",
      "title": "",
      "fullFile": "cypress\\e2e\\Bus_Commercial negative cases.cy.js",
      "file": "cypress\\e2e\\Bus_Commercial negative cases.cy.js",
      "beforeHooks": [],
      "afterHooks": [],
      "tests": [],
      "suites": [
        {
          "uuid": "8ef593cb-4e0c-4db2-b23d-d35124e8c803",
          "title": "GDIC CI Motor Test",
          "fullFile": "",
          "file": "",
          "beforeHooks": [],
          "afterHooks": [],
          "tests": [
            {
              "title": "Logs in and navigates through the motor insurance module",
              "fullTitle": "GDIC CI Motor Test Logs in and navigates through the motor insurance module",
              "timedOut": null,
              "duration": 18497,
              "state": "failed",
              "speed": null,
              "pass": false,
              "fail": true,
              "pending": false,
              "context": null,
              "code": "// Set Viewport\ncy.viewport(1280, 720);\n// Perform Login\nperformLogin(loginDetails);\n// Navigate to Motor Insurance Module\ncy.get(':nth-child(3) > .menu-toggle > .menu-arrow').click();\ncy.get('.menu-item-open > .menu-submenu > .menu-subnav > :nth-child(4) > .menu-link > .menu-text').click();\ncy.wait(2000);\ncy.get('.card-toolbar > .btn').click();\ncy.get(':nth-child(1) > .sorting_1 > .checkbox > span').click();\ncy.get('.flex-between > [style=\"align-items: center;\"] > :nth-child(2) > .btn').click();\ncy.get('.form-footer > :nth-child(2) > .btn').click();\n// Fill in Motor Details\nselectDropdownOption('businessType', motorDetails.businessType);\nselectDropdownOption('businessStatus', motorDetails.businessStatus);\nselectDropdownOption('businessSource', motorDetails.businessSource);\ncy.get('[formControlName=\"policyDuration\"]').click().contains(motorDetails.policyDuration).click();\n// Interact with Dates\ncy.get(':nth-child(4) > .select-group > .form-control').click();\ncy.get('.next > span').click();\ncy.get(':nth-child(5) > :nth-child(4) > .ng-star-inserted').click();\n// Fill in Vehicle Details\nenterVehicleDetails(motorDetails);\n// Select Product Code and Document Type\nselectDropdownOption('productCode', motorDetails.productCode);\nselectDropdownOption('documentType', motorDetails.documentType);\nselectDropdownOption('currencyType', motorDetails.currencyType);\nselectDropdownOption('mtrPlanName', motorDetails.planType);\n// Sum Insured and Quotation\ncy.get(':nth-child(16) > .input-group > .form-control').type(motorDetails.sumInsured);\ncy.get('.mt-5 > .btn-secondary').click();\ncy.screenshot('Double Deck Bus');\n// Submit Form\ncy.get('.btn-primary').click();\ncy.get(':nth-child(1) > .checkbox-list > .checkbox > span').click();\ncy.get('.mr-10 > .ng-select > .ng-select-container > .ng-value-container > .ng-input > input').type(`${motorDetails.clauseCode}{enter}`);\ncy.get('.ng-star-inserted > .btn').click();\ncy.get('.form-footer > :nth-child(2) > .btn').click();\ncy.screenshot('Preview Double Deck Bus');\n// Additional Navigation and Verification\ncy.get('.form-footer > :nth-child(1) > .btn').click();\ncy.get('.mr-5 > .btn').click();\ncy.get(':nth-child(3) > .border > .flex > :nth-child(1) > .checkbox-list > .checkbox > span').click();\ncy.get('.btn-primary').click();\ncy.wait(2000);\ncy.get('.mt-5 > .btn-secondary').click();\ncy.get('.mt-5 > .btn-secondary').click();\ncy.screenshot('Riot strike added preview Double Deck Bus');\ncy.wait(1000);\ncy.get('.btn-primary').click();\ncy.wait(3000);\ncy.get('.form-footer > :nth-child(2) > .btn').click();\ncy.get('.form-footer > :nth-child(2) > .btn').click();\ncy.get('.confirm__modal__content > .btn-primary').click();\ncy.screenshot('submitted_Double Deck Bus');",
              "err": {
                "message": "AssertionError: Timed out retrying after 4000ms: Expected to find element: `ng-select[formcontrolname=\"mtrVehicleName\"]`, but never found it.",
                "estack": "AssertionError: Timed out retrying after 4000ms: Expected to find element: `ng-select[formcontrolname=\"mtrVehicleName\"]`, but never found it.\n    at selectDropdownOption (webpack://cypress-project/./cypress/e2e/Bus_Commercial negative cases.cy.js:47:9)\n    at enterVehicleDetails (webpack://cypress-project/./cypress/e2e/Bus_Commercial negative cases.cy.js:55:6)\n    at Context.eval (webpack://cypress-project/./cypress/e2e/Bus_Commercial negative cases.cy.js:97:6)",
                "diff": null
              },
              "uuid": "4687e794-ec41-4d7f-81d4-622357110db9",
              "parentUUID": "8ef593cb-4e0c-4db2-b23d-d35124e8c803",
              "isHook": false,
              "skipped": false
            }
          ],
          "suites": [],
          "passes": [],
          "failures": [
            "4687e794-ec41-4d7f-81d4-622357110db9"
          ],
          "pending": [],
          "skipped": [],
          "duration": 18497,
          "root": false,
          "rootEmpty": false,
          "_timeout": 2000
        }
      ],
      "passes": [],
      "failures": [],
      "pending": [],
      "skipped": [],
      "duration": 0,
      "root": true,
      "rootEmpty": true,
      "_timeout": 2000
    }
  ],
  "meta": {
    "mocha": {
      "version": "7.0.1"
    },
    "mochawesome": {
      "options": {
        "quiet": false,
        "reportFilename": "mochawesome",
        "saveHtml": false,
        "saveJson": true,
        "consoleReporter": "spec",
        "useInlineDiffs": false,
        "code": true
      },
      "version": "7.1.3"
    },
    "marge": {
      "options": {
        "reportDir": "cypress/reports",
        "overwrite": false,
        "html": false,
        "json": true
      },
      "version": "6.2.0"
    }
  }
}