{
  "stats": {
    "suites": 1,
    "tests": 1,
    "passes": 0,
    "pending": 0,
    "failures": 1,
    "start": "2024-10-20T06:42:52.321Z",
    "end": "2024-10-20T06:43:02.890Z",
    "duration": 10569,
    "testsRegistered": 1,
    "passPercent": 0,
    "pendingPercent": 0,
    "other": 0,
    "hasOther": false,
    "skipped": 0,
    "hasSkipped": false
  },
  "results": [
    {
      "uuid": "fa5dbc73-db7c-4d71-b4f0-8a9801bccbdb",
      "title": "",
      "fullFile": "cypress\\e2e\\Customer Creation.cy.js",
      "file": "cypress\\e2e\\Customer Creation.cy.js",
      "beforeHooks": [],
      "afterHooks": [],
      "tests": [],
      "suites": [
        {
          "uuid": "86a33abe-e4b6-494f-9bcd-3d6d0b5dde15",
          "title": "GDIC CI Motor test",
          "fullFile": "",
          "file": "",
          "beforeHooks": [],
          "afterHooks": [],
          "tests": [
            {
              "title": "Logs in and navigates through the motor insurance module",
              "fullTitle": "GDIC CI Motor test Logs in and navigates through the motor insurance module",
              "timedOut": null,
              "duration": 10512,
              "state": "failed",
              "speed": null,
              "pass": false,
              "fail": true,
              "pending": false,
              "context": null,
              "code": "// Visit the login page\ncy.visit('https://cisqatest.green-delta.com/');\n// Perform login\ncy.get('.mb-5 > .input-group > .form-control').click().type('22222');\ncy.get(':nth-child(3) > .input-group > .form-control').click().type('UmmaHabiba1412');\ncy.get('#kt_login_signin_submit').click();\n// Wait for the login to complete and the page to load\ncy.wait(2000); // Consider using a more reliable way to wait, such as waiting for an element to be visible\n// Open the dropdown menu\ncy.get('.ng-select-container').click();\n// Select \"AHO\" from the dropdown menu\ncy.get('.ng-option').contains('AHO').click();\n// Verify the branch selection\ncy.get('.ng-select-container').should('contain', 'AHO');\n// Navigate to the motor insurance module\ncy.get(':nth-child(3) > .menu-toggle > .menu-arrow').click();\ncy.get('.menu-item-open > .menu-submenu > .menu-subnav > :nth-child(4) > .menu-link > .menu-text').click();\n// cy.screenshot();\n// Click on the buttons to proceed\ncy.get('.card-toolbar > .btn').click();\ncy.get('[style=\"align-items: center;\"] > .btn').click();\n// Click the button again if necessary (this might be redundant)\ncy.get('[style=\"align-items: center;\"] > .btn').click();\n// Open the customer type dropdown menu\ncy.get('ng-select[formcontrolname=\"customerType\"]').click();\n//cy.screenshot()\n// Wait for the dropdown options to be visible and select \"personal\"\ncy.get('.ng-dropdown-panel .ng-option').contains('PERSONAL').click({\n  force: true\n});\n// Verify the selection\ncy.get('ng-select[formcontrolname=\"customerType\"] .ng-value-container').should('contain', 'PERSONAL');\n// Fill in the customer form fields (adjust selectors and inputs as necessary)\ncy.get('form.ng-untouched > #required-fields > :nth-child(2) > .input-group > .form-control').type('Tamanna Islam ');\ncy.get('form.ng-untouched > #required-fields > :nth-child(3) > .input-group > .form-control').type('Jhumur');\ncy.get('.ng-invalid.ng-dirty > #required-fields > :nth-child(5) > .input-group > .form-control').type('01538677835');\ncy.get(':nth-child(17) > .customer__edit__modal > .modal-content > app-add-customer-modal > .modal__control > .modal-body > .ng-invalid.ng-touched > #required-fields > :nth-child(16) > .input-group > .form-control').type('tamanna123@example.com');\ncy.get('form.ng-dirty > #required-fields > :nth-child(7) > .input-group > .form-control').type('Dhaka-1216');\ncy.get('.ng-invalid.ng-dirty > #required-fields > :nth-child(8)').type('Komilla');\ncy.get('.ng-invalid.ng-dirty > #required-fields > :nth-child(9) > .input-group > .form-control').type('9112131048');\n// Save the customer\ncy.get('form.ng-dirty > .modal-footer > .btn-primary').click();\n// Wait for the confirmation modal to appear and click the primary button\ncy.get('.confirm__modal__content > .btn-primary').should('be.visible').click();\n// Click the \"OK\" button in the confirmation modal\ncy.get('.confirm__modal__content > .btn.btn-primary').contains('OK').should('be.visible').click();\n// Verify the customer was added (adjust based on your application's behavior)\n// cy.get('.notification-message').should('contain', 'Customer Created successfully');",
              "err": {
                "message": "AssertionError: Timed out retrying after 4000ms: Expected to find element: `.ng-select-container`, but never found it.",
                "estack": "AssertionError: Timed out retrying after 4000ms: Expected to find element: `.ng-select-container`, but never found it.\n    at Context.eval (webpack://cypress-project/./cypress/e2e/Customer Creation.cy.js:17:7)",
                "diff": null
              },
              "uuid": "22746d7a-729a-4079-a70d-6ce907f10f0a",
              "parentUUID": "86a33abe-e4b6-494f-9bcd-3d6d0b5dde15",
              "isHook": false,
              "skipped": false
            }
          ],
          "suites": [],
          "passes": [],
          "failures": [
            "22746d7a-729a-4079-a70d-6ce907f10f0a"
          ],
          "pending": [],
          "skipped": [],
          "duration": 10512,
          "root": false,
          "rootEmpty": false,
          "_timeout": 2000
        }
      ],
      "passes": [],
      "failures": [],
      "pending": [],
      "skipped": [],
      "duration": 0,
      "root": true,
      "rootEmpty": true,
      "_timeout": 2000
    }
  ],
  "meta": {
    "mocha": {
      "version": "7.0.1"
    },
    "mochawesome": {
      "options": {
        "quiet": false,
        "reportFilename": "mochawesome",
        "saveHtml": false,
        "saveJson": true,
        "consoleReporter": "spec",
        "useInlineDiffs": false,
        "code": true
      },
      "version": "7.1.3"
    },
    "marge": {
      "options": {
        "reportDir": "cypress/reports",
        "overwrite": false,
        "html": false,
        "json": true
      },
      "version": "6.2.0"
    }
  }
}