{
  "stats": {
    "suites": 1,
    "tests": 1,
    "passes": 1,
    "pending": 0,
    "failures": 0,
    "start": "2024-10-09T04:57:39.124Z",
    "end": "2024-10-09T04:58:05.909Z",
    "duration": 26785,
    "testsRegistered": 1,
    "passPercent": 100,
    "pendingPercent": 0,
    "other": 0,
    "hasOther": false,
    "skipped": 0,
    "hasSkipped": false
  },
  "results": [
    {
      "uuid": "d0bd8fd4-f709-4d2b-991c-73a892f760aa",
      "title": "",
      "fullFile": "cypress\\e2e\\Motor Endorsement.cy.js",
      "file": "cypress\\e2e\\Motor Endorsement.cy.js",
      "beforeHooks": [],
      "afterHooks": [],
      "tests": [],
      "suites": [
        {
          "uuid": "9033c6c2-c380-4c4e-afbe-a9454ff10543",
          "title": "GDIC CI Motor test",
          "fullFile": "",
          "file": "",
          "beforeHooks": [],
          "afterHooks": [],
          "tests": [
            {
              "title": "Logs in and navigates through the motor insurance module",
              "fullTitle": "GDIC CI Motor test Logs in and navigates through the motor insurance module",
              "timedOut": null,
              "duration": 26654,
              "state": "passed",
              "speed": "slow",
              "pass": true,
              "fail": false,
              "pending": false,
              "context": null,
              "code": "// Set Viewport\ncy.viewport(1280, 720);\n// Visit the login page\ncy.visit('https://cisqatest.green-delta.com/');\n// Perform login\ncy.get('.mb-5 > .input-group > .form-control').click().type('22222');\ncy.get(':nth-child(3) > .input-group > .form-control').click().type('APURNAKHAN1412');\ncy.get('#kt_login_signin_submit').click();\n// Wait for the page to load\ncy.wait(2000);\n// Open the dropdown menu and select \"AHO\"\ncy.get('.ng-select-container').click();\ncy.get('.ng-option').contains('AHO').click();\ncy.get('.ng-select-container').should('contain', 'AHO');\n// Navigate to the motor insurance module\ncy.get(':nth-child(3) > .menu-toggle > .menu-arrow').click();\ncy.get('.menu-item-open > .menu-submenu > .menu-subnav > :nth-child(4) > .menu-link > .menu-text').click();\ncy.wait(2000);\ncy.get('.menu-item-active > .menu-link > .menu-text').click();\ncy.get(':nth-child(2) > :nth-child(9) > :nth-child(1) > .d-inline-block > #dropdownBasic1').click({\n  force: true\n});\ncy.get(':nth-child(2) > :nth-child(9) > :nth-child(1) > .d-inline-block > .dropdown-menu > :nth-child(3)').click({\n  force: true\n});\n//Non financial endorsement\ncy.get(':nth-child(1) > .select-group > .ng-select > .ng-select-container > .ng-value-container > .ng-input > input').click();\ncy.get('.ng-option').contains('Non Financial').click();\n//Change head\ncy.get(':nth-child(2) > .select-group > .ng-select > .ng-select-container > .ng-value-container > .ng-input > input').click();\ncy.get('.ng-option').contains('Insured name change').click();\n//change name from popup\ncy.get('.mb-5 > .input-group > .form-control').type('Taiba jannat');\n//last name\ncy.get(':nth-child(2) > .input-group > .form-control').type('Rahman');\n//changed name submission\ncy.get('#required-fields > .flex > .btn').click();\n// decline process\ncy.get('.btn-danger').click();\n//remove tesxt from field test\ncy.get('.mb-5 > .input-group > .form-control').clear();\ncy.get('.mb-5 > .input-group > .form-control').type('Taiba jannat');\n//updation\ncy.get('#required-fields > .flex > .btn').click();\n//accept\ncy.get('.confirm__modal__content > .btn-primary').click();\n//cy.screenshot('gender needed error')",
              "err": {},
              "uuid": "8503ba1a-493c-4227-8303-27c821bc2b78",
              "parentUUID": "9033c6c2-c380-4c4e-afbe-a9454ff10543",
              "isHook": false,
              "skipped": false
            }
          ],
          "suites": [],
          "passes": [
            "8503ba1a-493c-4227-8303-27c821bc2b78"
          ],
          "failures": [],
          "pending": [],
          "skipped": [],
          "duration": 26654,
          "root": false,
          "rootEmpty": false,
          "_timeout": 2000
        }
      ],
      "passes": [],
      "failures": [],
      "pending": [],
      "skipped": [],
      "duration": 0,
      "root": true,
      "rootEmpty": true,
      "_timeout": 2000
    }
  ],
  "meta": {
    "mocha": {
      "version": "7.0.1"
    },
    "mochawesome": {
      "options": {
        "quiet": false,
        "reportFilename": "mochawesome",
        "saveHtml": false,
        "saveJson": true,
        "consoleReporter": "spec",
        "useInlineDiffs": false,
        "code": true
      },
      "version": "7.1.3"
    },
    "marge": {
      "options": {
        "reportDir": "cypress/reports",
        "overwrite": false,
        "html": false,
        "json": true
      },
      "version": "6.2.0"
    }
  }
}