{
  "stats": {
    "suites": 1,
    "tests": 1,
    "passes": 0,
    "pending": 0,
    "failures": 1,
    "start": "2024-10-21T04:23:04.519Z",
    "end": "2024-10-21T04:23:20.908Z",
    "duration": 16389,
    "testsRegistered": 1,
    "passPercent": 0,
    "pendingPercent": 0,
    "other": 0,
    "hasOther": false,
    "skipped": 0,
    "hasSkipped": false
  },
  "results": [
    {
      "uuid": "9ca5bad6-bc82-4897-ad15-f2b5954ca0af",
      "title": "",
      "fullFile": "cypress\\e2e\\Customer Creation.cy.js",
      "file": "cypress\\e2e\\Customer Creation.cy.js",
      "beforeHooks": [],
      "afterHooks": [],
      "tests": [],
      "suites": [
        {
          "uuid": "01b3c602-f7a8-46bf-83e3-d9e8c3f3f5a1",
          "title": "GDIC CI Motor test",
          "fullFile": "",
          "file": "",
          "beforeHooks": [],
          "afterHooks": [],
          "tests": [
            {
              "title": "Logs in and navigates through the motor insurance module",
              "fullTitle": "GDIC CI Motor test Logs in and navigates through the motor insurance module",
              "timedOut": null,
              "duration": 16256,
              "state": "failed",
              "speed": null,
              "pass": false,
              "fail": true,
              "pending": false,
              "context": null,
              "code": "// Visit the login page\ncy.visit('https://cisqatest.green-delta.com/');\n// Perform login\ncy.get('.mb-5 > .input-group > .form-control').click().type('22222');\ncy.get(':nth-child(3) > .input-group > .form-control').click().type('APURNAKHAN1412');\ncy.get('#kt_login_signin_submit').click();\n// Wait for the login to complete and the page to load\ncy.wait(2000); // Consider using a more reliable way to wait, such as waiting for an element to be visible\n// Open the dropdown menu\ncy.get('.ng-select-container').click();\n// Select \"AHO\" from the dropdown menu\ncy.get('.ng-option').contains('AHO').click();\n// Verify the branch selection\ncy.get('.ng-select-container').should('contain', 'AHO');\n// Navigate to the motor insurance module\ncy.get(':nth-child(3) > .menu-toggle > .menu-arrow').click();\ncy.get('.menu-item-open > .menu-submenu > .menu-subnav > :nth-child(4) > .menu-link > .menu-text').click();\n// cy.screenshot();\n// Click on the buttons to proceed\ncy.get('.card-toolbar > .btn').click();\ncy.get('[style=\"align-items: center;\"] > .btn').click();\n// Click the button again if necessary (this might be redundant)\ncy.get('[style=\"align-items: center;\"] > .btn').click();\n// Open the customer type dropdown menu\ncy.get('ng-select[formcontrolname=\"customerType\"]').click();\n//cy.screenshot()\n// Wait for the dropdown options to be visible and select \"personal\"\ncy.get('.ng-dropdown-panel .ng-option').contains('PERSONAL').click({\n  force: true\n});\n// Verify the selection\ncy.get('ng-select[formcontrolname=\"customerType\"] .ng-value-container').should('contain', 'PERSONAL');\n// Fill in the customer form fields (adjust selectors and inputs as necessary)\ncy.get('form.ng-untouched > #required-fields > :nth-child(2) > .input-group > .form-control').type('Tamanna Islam ');\ncy.get('form.ng-untouched > #required-fields > :nth-child(3) > .input-group > .form-control').type('Jhumur');\ncy.get('.ng-invalid.ng-dirty > #required-fields > :nth-child(5) > .input-group > .form-control').type('01538677800');\ncy.get(':nth-child(17) > .customer__edit__modal > .modal-content > app-add-customer-modal > .modal__control > .modal-body > .ng-invalid.ng-touched > #required-fields > :nth-child(16) > .input-group > .form-control').type('tamanna123@example.com');\ncy.get('form.ng-dirty > #required-fields > :nth-child(7) > .input-group > .form-control').type('Dhaka-1216');\ncy.get('.ng-invalid.ng-dirty > #required-fields > :nth-child(8)').type('Komilla');\ncy.get('.ng-invalid.ng-dirty > #required-fields > :nth-child(9) > .input-group > .form-control').type('9112101148');\n// gender\ncy.get('form.ng-dirty > #required-fields > :nth-child(6) > .select-group > .ng-select > .ng-select-container > .ng-value-container > .ng-input').click();\ncy.get('.ng-option').contains('Female').click();\n// Save the customer\ncy.get('form.ng-dirty > .modal-footer > .btn-primary').click();\n// Wait for the confirmation modal to appear and click the primary button\ncy.get('.confirm__modal__content > .btn-primary').should('be.visible').click();\n// Click the \"OK\" button in the confirmation modal\ncy.get('.confirm__modal__content > .btn.btn-primary').contains('OK').should('be.visible').click();\n// Verify the customer was added (adjust based on your application's behavior)\n// cy.get('.notification-message').should('contain', 'Customer Created successfully');",
              "err": {
                "message": "CypressError: Timed out retrying after 4050ms: `cy.click()` failed because this element:\n\n`<ng-select _ngcontent-pxw-c261=\"\" formcontrolname=\"customerType\" bindlabel=\"name\" bindvalue=\"value\" ng-reflect-bind-label=\"name\" ng-reflect-bind-value=\"value\" ng-reflect-name=\"customerType\" ng-reflect-items=\"[object Object],[object Object\" class=\"ng-select ng-select-single ng-select-searchable ng-select-clearable ng-untouched ng-pristine ng-valid\">...</ng-select>`\n\nis being covered by another element:\n\n`<div _ngcontent-pxw-c261=\"\" class=\"modal-header w-100\">...</div>`\n\nFix this problem, or use {force: true} to disable error checking.\n\nhttps://on.cypress.io/element-cannot-be-interacted-with",
                "estack": "CypressError: Timed out retrying after 4050ms: `cy.click()` failed because this element:\n\n`<ng-select _ngcontent-pxw-c261=\"\" formcontrolname=\"customerType\" bindlabel=\"name\" bindvalue=\"value\" ng-reflect-bind-label=\"name\" ng-reflect-bind-value=\"value\" ng-reflect-name=\"customerType\" ng-reflect-items=\"[object Object],[object Object\" class=\"ng-select ng-select-single ng-select-searchable ng-select-clearable ng-untouched ng-pristine ng-valid\">...</ng-select>`\n\nis being covered by another element:\n\n`<div _ngcontent-pxw-c261=\"\" class=\"modal-header w-100\">...</div>`\n\nFix this problem, or use {force: true} to disable error checking.\n\nhttps://on.cypress.io/element-cannot-be-interacted-with\n    at ensureIsDescendent (https://cisqatest.green-delta.com/__cypress/runner/cypress_runner.js:112445:68)\n    at ensureDescendents (https://cisqatest.green-delta.com/__cypress/runner/cypress_runner.js:112496:5)\n    at ensureDescendentsAndScroll (https://cisqatest.green-delta.com/__cypress/runner/cypress_runner.js:112502:14)\n    at ensureElIsNotCovered (https://cisqatest.green-delta.com/__cypress/runner/cypress_runner.js:112633:5)\n    at runAllChecks (https://cisqatest.green-delta.com/__cypress/runner/cypress_runner.js:112832:52)\n    at retryActionability (https://cisqatest.green-delta.com/__cypress/runner/cypress_runner.js:112869:16)\n    at tryCatcher (https://cisqatest.green-delta.com/__cypress/runner/cypress_runner.js:1807:23)\n    at Promise.attempt.Promise.try (https://cisqatest.green-delta.com/__cypress/runner/cypress_runner.js:4315:29)\n    at whenStable (https://cisqatest.green-delta.com/__cypress/runner/cypress_runner.js:143646:68)\n    at <unknown> (https://cisqatest.green-delta.com/__cypress/runner/cypress_runner.js:143587:14)\n    at tryCatcher (https://cisqatest.green-delta.com/__cypress/runner/cypress_runner.js:1807:23)\n    at Promise._settlePromiseFromHandler (https://cisqatest.green-delta.com/__cypress/runner/cypress_runner.js:1519:31)\n    at Promise._settlePromise (https://cisqatest.green-delta.com/__cypress/runner/cypress_runner.js:1576:18)\n    at Promise._settlePromise0 (https://cisqatest.green-delta.com/__cypress/runner/cypress_runner.js:1621:10)\n    at Promise._settlePromises (https://cisqatest.green-delta.com/__cypress/runner/cypress_runner.js:1701:18)\n    at Promise._fulfill (https://cisqatest.green-delta.com/__cypress/runner/cypress_runner.js:1645:18)\n    at <unknown> (https://cisqatest.green-delta.com/__cypress/runner/cypress_runner.js:5450:46)\nFrom Your Spec Code:\n    at Context.eval (webpack://cypress-project/./cypress/e2e/Customer Creation.cy.js:38:56)",
                "diff": null
              },
              "uuid": "ecff0c39-e9e9-41ee-b0eb-7ec932534220",
              "parentUUID": "01b3c602-f7a8-46bf-83e3-d9e8c3f3f5a1",
              "isHook": false,
              "skipped": false
            }
          ],
          "suites": [],
          "passes": [],
          "failures": [
            "ecff0c39-e9e9-41ee-b0eb-7ec932534220"
          ],
          "pending": [],
          "skipped": [],
          "duration": 16256,
          "root": false,
          "rootEmpty": false,
          "_timeout": 2000
        }
      ],
      "passes": [],
      "failures": [],
      "pending": [],
      "skipped": [],
      "duration": 0,
      "root": true,
      "rootEmpty": true,
      "_timeout": 2000
    }
  ],
  "meta": {
    "mocha": {
      "version": "7.0.1"
    },
    "mochawesome": {
      "options": {
        "quiet": false,
        "reportFilename": "mochawesome",
        "saveHtml": false,
        "saveJson": true,
        "consoleReporter": "spec",
        "useInlineDiffs": false,
        "code": true
      },
      "version": "7.1.3"
    },
    "marge": {
      "options": {
        "reportDir": "cypress/reports",
        "overwrite": false,
        "html": false,
        "json": true
      },
      "version": "6.2.0"
    }
  }
}