{
  "stats": {
    "suites": 1,
    "tests": 1,
    "passes": 0,
    "pending": 0,
    "failures": 1,
    "start": "2024-08-20T10:26:34.353Z",
    "end": "2024-08-20T10:26:57.071Z",
    "duration": 22718,
    "testsRegistered": 1,
    "passPercent": 0,
    "pendingPercent": 0,
    "other": 0,
    "hasOther": false,
    "skipped": 0,
    "hasSkipped": false
  },
  "results": [
    {
      "uuid": "51145ae7-451f-4bf7-8832-5286261efd74",
      "title": "",
      "fullFile": "cypress\\e2e\\Full Process.cy.js",
      "file": "cypress\\e2e\\Full Process.cy.js",
      "beforeHooks": [],
      "afterHooks": [],
      "tests": [],
      "suites": [
        {
          "uuid": "23550b21-7a01-4d8f-a1f4-bdf119b53b1b",
          "title": "GDIC CI Motor test",
          "fullFile": "",
          "file": "",
          "beforeHooks": [],
          "afterHooks": [],
          "tests": [
            {
              "title": "Logs in and navigates through the motor insurance module",
              "fullTitle": "GDIC CI Motor test Logs in and navigates through the motor insurance module",
              "timedOut": null,
              "duration": 22572,
              "state": "failed",
              "speed": null,
              "pass": false,
              "fail": true,
              "pending": false,
              "context": null,
              "code": "// Visit the login page\ncy.visit('https://cisqatest.green-delta.com/');\n// Perform login\ncy.get('.mb-5 > .input-group > .form-control').click().type('22222');\ncy.get(':nth-child(3) > .input-group > .form-control').click().type('UmmaHabiba1412');\ncy.get('#kt_login_signin_submit').click();\n// Wait for the page to load\ncy.wait(2000);\n// Open the dropdown menu and select \"AHO\"\ncy.get('.ng-select-container').click();\ncy.get('.ng-option').contains('AHO').click();\ncy.get('.ng-select-container').should('contain', 'AHO');\n// Navigate to the motor insurance module\ncy.get(':nth-child(3) > .menu-toggle > .menu-arrow').click();\ncy.get('.menu-item-open > .menu-submenu > .menu-subnav > :nth-child(4) > .menu-link > .menu-text').click();\ncy.get('.card-toolbar > .btn').click();\ncy.get(':nth-child(1) > .sorting_1 > .checkbox > span').click();\ncy.get('.flex-between > [style=\"align-items: center;\"] > :nth-child(2) > .btn').click();\ncy.get('.form-footer > :nth-child(2) > .btn').click();\ncy.get('ng-select[formcontrolname=\"businessType\"]').scrollIntoView().should('be.visible').click();\ncy.get('.ng-dropdown-panel .ng-option').contains('New').click();\ncy.get('ng-select[formcontrolname=\"businessStatus\"]').scrollIntoView().should('be.visible').click();\ncy.get('.ng-dropdown-panel .ng-option').contains('Yes').click();\ncy.get('ng-select[formcontrolname=\"businessSource\"]').scrollIntoView().should('be.visible').click();\ncy.get('.ng-dropdown-panel .ng-option').contains('D : Digital (For Digital Dept.)').click();\ncy.wait(2000);\n// Interact with \"Policy Duration\" dropdown\ncy.get('[formControlName=\"policyDuration\"]').scrollIntoView().should('be.visible').click({\n  force: true\n});\ncy.wait(2000);\ncy.contains(\"Full\").click();\n// Interact with \"validFrom\" date input\ncy.get(':nth-child(4) > .select-group > .form-control').scrollIntoView().should('be.visible').click();\ncy.get(':nth-child(5) > :nth-child(7) > .ng-star-inserted').click();\n// Open the \"Other Contact Number\" dropdown\ncy.get('.ng-select[formcontrolname=\"contactNumberId\"]').scrollIntoView().should('be.visible').click({\n  force: true\n});\ncy.wait(5000); // Wait for dropdown options to load\n// Interact with dropdowns\ncy.get('ng-select[formcontrolname=\"businessSector\"]').scrollIntoView().should('be.visible').click();\ncy.get('.ng-dropdown-panel .ng-option').contains('Engineering').click();\ncy.get('ng-select[formcontrolname=\"businessSubSector\"]').scrollIntoView().should('be.visible').click();\ncy.get('.ng-dropdown-panel .ng-option').contains('Light Engineering').click();\ncy.get('.ng-dropdown-panel', {\n  timeout: 10000\n}).should('be.visible').within(() => {\n  cy.get('.ng-option').each(($el, index, $list) => {\n    cy.log($el.text());\n  });\n});\ncy.get('.ng-dropdown-panel .ng-option', {\n  timeout: 10000\n}).contains('01924427666').click();\ncy.wait(2000);\ncy.get('ng-select[formcontrolname=\"businessType\"]').scrollIntoView().should('be.visible').click();\ncy.get('.ng-dropdown-panel .ng-option').contains('New').click();\ncy.get('.form-footer > :nth-child(2) > .btn').click({\n  force: true\n});\n//---------------------2nd form submitted----------------------------------------------------//",
              "err": {
                "message": "AssertionError: Timed out retrying after 4000ms: Expected to find content: 'Full' but never did.",
                "estack": "AssertionError: Timed out retrying after 4000ms: Expected to find content: 'Full' but never did.\n    at Context.eval (webpack://cypress-project/./cypress/e2e/Full Process.cy.js:43:9)",
                "diff": null
              },
              "uuid": "9644b2bc-0320-4820-941c-43cfe913f7c7",
              "parentUUID": "23550b21-7a01-4d8f-a1f4-bdf119b53b1b",
              "isHook": false,
              "skipped": false
            }
          ],
          "suites": [],
          "passes": [],
          "failures": [
            "9644b2bc-0320-4820-941c-43cfe913f7c7"
          ],
          "pending": [],
          "skipped": [],
          "duration": 22572,
          "root": false,
          "rootEmpty": false,
          "_timeout": 2000
        }
      ],
      "passes": [],
      "failures": [],
      "pending": [],
      "skipped": [],
      "duration": 0,
      "root": true,
      "rootEmpty": true,
      "_timeout": 2000
    }
  ],
  "meta": {
    "mocha": {
      "version": "7.0.1"
    },
    "mochawesome": {
      "options": {
        "quiet": false,
        "reportFilename": "mochawesome",
        "saveHtml": false,
        "saveJson": true,
        "consoleReporter": "spec",
        "useInlineDiffs": false,
        "code": true
      },
      "version": "7.1.3"
    },
    "marge": {
      "options": {
        "reportDir": "cypress/reports",
        "overwrite": false,
        "html": false,
        "json": true
      },
      "version": "6.2.0"
    }
  }
}