{
  "stats": {
    "suites": 1,
    "tests": 3,
    "passes": 3,
    "pending": 0,
    "failures": 0,
    "start": "2024-10-20T06:44:07.382Z",
    "end": "2024-10-20T06:44:50.891Z",
    "duration": 43509,
    "testsRegistered": 3,
    "passPercent": 100,
    "pendingPercent": 0,
    "other": 0,
    "hasOther": false,
    "skipped": 0,
    "hasSkipped": false
  },
  "results": [
    {
      "uuid": "2306a9c0-d164-4f5f-a8ba-377f62be7246",
      "title": "",
      "fullFile": "cypress\\e2e\\Motor Endorsement.cy.js",
      "file": "cypress\\e2e\\Motor Endorsement.cy.js",
      "beforeHooks": [],
      "afterHooks": [],
      "tests": [],
      "suites": [
        {
          "uuid": "5c84f876-633b-427d-b2d1-77280a462bb3",
          "title": "GDIC CI Motor Endorsement test",
          "fullFile": "",
          "file": "",
          "beforeHooks": [],
          "afterHooks": [],
          "tests": [
            {
              "title": "Logs in and navigates through the motor insurance endorsement module",
              "fullTitle": "GDIC CI Motor Endorsement test Logs in and navigates through the motor insurance endorsement module",
              "timedOut": null,
              "duration": 15046,
              "state": "passed",
              "speed": "slow",
              "pass": true,
              "fail": false,
              "pending": false,
              "context": null,
              "code": "// Set Viewport\ncy.viewport(1280, 720);\n// Set Viewport\ncy.viewport(1280, 720);\n// Visit the login page\ncy.visit('https://cisqatest.green-delta.com/');\n// Perform login\ncy.get('.mb-5 > .input-group > .form-control').click().type('22222');\ncy.get(':nth-child(3) > .input-group > .form-control').click().type('APURNAKHAN1412');\ncy.get('#kt_login_signin_submit').click();\n// Wait for the page to load\ncy.wait(2000);\n// Open the dropdown menu and select \"AHO\"\ncy.get('.ng-select-container').click();\ncy.get('.ng-option').contains('AHO').click();\ncy.get('.ng-select-container').should('contain', 'AHO');\n// Navigate to the motor insurance module\ncy.get(':nth-child(3) > .menu-toggle > .menu-arrow').click();\ncy.get('.menu-item-open > .menu-submenu > .menu-subnav > :nth-child(4) > .menu-link > .menu-text').click();\ncy.wait(2000);\ncy.get('.menu-item-active > .menu-link > .menu-text').click();\ncy.get(':nth-child(2) > :nth-child(9) > :nth-child(1) > .d-inline-block > #dropdownBasic1').click({\n  force: true\n});\ncy.get(':nth-child(2) > :nth-child(9) > :nth-child(1) > .d-inline-block > .dropdown-menu > :nth-child(3)').click({\n  force: true\n});\n//Non financial endorsement\ncy.get(':nth-child(1) > .select-group > .ng-select > .ng-select-container > .ng-value-container > .ng-input > input').click();\ncy.get('.ng-option').contains('Non Financial').click();\n//Change head\ncy.get(':nth-child(2) > .select-group > .ng-select > .ng-select-container > .ng-value-container > .ng-input > input').click();\ncy.get('.ng-option').contains('Insured name change').click();\n//change name from popup\ncy.get('.mb-5 > .input-group > .form-control').type('Taiba jannat');\n//last name\ncy.get(':nth-child(2) > .input-group > .form-control').type('Rahman');\n//changed name submission\ncy.get('#required-fields > .flex > .btn').click();\n// decline process\ncy.get('.btn-danger').click();\n//remove tesxt from field test\ncy.get('.mb-5 > .input-group > .form-control').clear();\ncy.get('.mb-5 > .input-group > .form-control').type('Taiba jannat');\n//updation\ncy.get('#required-fields > .flex > .btn').click();\n//accept\ncy.get('.confirm__modal__content > .btn-primary').click();\n//cy.screenshot('gender needed error')\ncy.get('#required-fields > .flex > .btn').click();\n//click on update",
              "err": {},
              "uuid": "34666dce-0d0d-4d7f-a319-c0e3141cc886",
              "parentUUID": "5c84f876-633b-427d-b2d1-77280a462bb3",
              "isHook": false,
              "skipped": false
            },
            {
              "title": "Logs in and navigates through the motor insurance non financial endorsement module",
              "fullTitle": "GDIC CI Motor Endorsement test Logs in and navigates through the motor insurance non financial endorsement module",
              "timedOut": null,
              "duration": 13970,
              "state": "passed",
              "speed": "slow",
              "pass": true,
              "fail": false,
              "pending": false,
              "context": null,
              "code": "// Set Viewport\ncy.viewport(1280, 720);\n//file to be uploaded path in project folder\nconst p = 'Picture.png';\n// Visit the login page\ncy.visit('https://cisqatest.green-delta.com/');\n// Perform login\ncy.get('.mb-5 > .input-group > .form-control').click().type('22222');\ncy.get(':nth-child(3) > .input-group > .form-control').click().type('APURNAKHAN1412');\ncy.get('#kt_login_signin_submit').click();\n// Wait for the page to load\ncy.wait(2000);\n// Open the dropdown menu and select \"AHO\"\ncy.get('.ng-select-container').click();\ncy.get('.ng-option').contains('AHO').click();\ncy.get('.ng-select-container').should('contain', 'AHO');\n// Navigate to the motor insurance module\ncy.get(':nth-child(3) > .menu-toggle > .menu-arrow').click();\ncy.get('.menu-item-open > .menu-submenu > .menu-subnav > :nth-child(4) > .menu-link > .menu-text').click();\ncy.wait(2000);\ncy.get('.menu-item-active > .menu-link > .menu-text').click();\ncy.get(':nth-child(2) > :nth-child(9) > :nth-child(1) > .d-inline-block > #dropdownBasic1').click({\n  force: true\n});\ncy.get(':nth-child(2) > :nth-child(9) > :nth-child(1) > .d-inline-block > .dropdown-menu > :nth-child(3)').click({\n  force: true\n});\n// financial endorsement\ncy.get(':nth-child(1) > .select-group > .ng-select > .ng-select-container > .ng-value-container > .ng-input > input').click();\ncy.get('.ng-option').contains('Financial').click();\n//Change head\ncy.get(':nth-child(2) > .select-group > .ng-select > .ng-select-container > .ng-value-container > .ng-input > input').click();\ncy.get('.ng-option').contains('Change in Sum Insured').click();\n//Premium mode\ncy.get(':nth-child(3) > .select-group > .ng-select > .ng-select-container > .ng-value-container > .ng-input > input').click();\ncy.get('.ng-option').contains('Addition').click();\n//continiue for get quote\ncy.get('.flex > .btn').click();\n//change sum insured amount\ncy.get(':nth-child(17) > .input-group > .form-control').type('3000000');\n//get quotation\ncy.get('.mt-5 > .btn-secondary').click();\ncy.wait(1000);\ncy.get('label > #fileUpload').scrollIntoView();\n//upload file with attachFile\ncy.get('label > #fileUpload').attachFile(p);\n//click on upload\n//cy.get('#file-submit').click()\n//verify uploaded file\n//cy.get('#uploaded-files').contains('Picture')\ncy.get('.justify-content-end > .btn-primary').scrollIntoView();\ncy.get('.justify-content-end > .btn-primary').click();\n//again click get quote\ncy.get('.mt-5 > .btn-secondary').click();",
              "err": {},
              "uuid": "2be4f27d-84ba-48ba-81ec-a8f1410386d5",
              "parentUUID": "5c84f876-633b-427d-b2d1-77280a462bb3",
              "isHook": false,
              "skipped": false
            },
            {
              "title": "Logs in and navigates through the motor insurance financial-refund endorsement module",
              "fullTitle": "GDIC CI Motor Endorsement test Logs in and navigates through the motor insurance financial-refund endorsement module",
              "timedOut": null,
              "duration": 14226,
              "state": "passed",
              "speed": "slow",
              "pass": true,
              "fail": false,
              "pending": false,
              "context": null,
              "code": "// Set Viewport\ncy.viewport(1280, 720);\n//file to be uploaded path in project folder\nconst p = 'Picture.png';\n// Visit the login page\ncy.visit('https://cisqatest.green-delta.com/');\n// Perform login\ncy.get('.mb-5 > .input-group > .form-control').click().type('22222');\ncy.get(':nth-child(3) > .input-group > .form-control').click().type('APURNAKHAN1412');\ncy.get('#kt_login_signin_submit').click();\n// Wait for the page to load\ncy.wait(2000);\n// Open the dropdown menu and select \"AHO\"\ncy.get('.ng-select-container').click();\ncy.get('.ng-option').contains('AHO').click();\ncy.get('.ng-select-container').should('contain', 'AHO');\n// Navigate to the motor insurance module\ncy.get(':nth-child(3) > .menu-toggle > .menu-arrow').click();\ncy.get('.menu-item-open > .menu-submenu > .menu-subnav > :nth-child(4) > .menu-link > .menu-text').click();\ncy.wait(2000);\ncy.get('.menu-item-active > .menu-link > .menu-text').click();\ncy.get(':nth-child(2) > :nth-child(9) > :nth-child(1) > .d-inline-block > #dropdownBasic1').click({\n  force: true\n});\ncy.get(':nth-child(2) > :nth-child(9) > :nth-child(1) > .d-inline-block > .dropdown-menu > :nth-child(3)').click({\n  force: true\n});\n// financial endorsement\ncy.get(':nth-child(1) > .select-group > .ng-select > .ng-select-container > .ng-value-container > .ng-input > input').click();\ncy.get('.ng-option').contains('Financial').click();\n//Change head\ncy.get(':nth-child(2) > .select-group > .ng-select > .ng-select-container > .ng-value-container > .ng-input > input').click();\ncy.get('.ng-option').contains('Change in Sum Insured').click();\ncy.get('.flex > .btn').click();\n//select premium mode\ncy.get('.pr-10 > .flex > :nth-child(3) > .select-group > .ng-select > .ng-select-container > .ng-value-container > .ng-input').click();\ncy.get('.ng-option').contains('Refund').click();\n// /select sum insured type\ncy.get(':nth-child(16) > .select-group > .ng-select > .ng-select-container > .ng-value-container > .ng-input > input').click();\ncy.get('.ng-option').contains('Decrease').click();\n//change sum insured amount\ncy.get(':nth-child(17) > .input-group > .form-control').type('15000');\ncy.get('.mt-5 > .btn-secondary').click();\ncy.wait(200);\ncy.get('.justify-content-end > .btn-primary').click();\n//get quote\ncy.get('.mt-5 > .btn-secondary').click();\ncy.get('.justify-content-end > .btn-primary').click().click();",
              "err": {},
              "uuid": "07ca305d-b690-47e2-919d-1feee3f9e130",
              "parentUUID": "5c84f876-633b-427d-b2d1-77280a462bb3",
              "isHook": false,
              "skipped": false
            }
          ],
          "suites": [],
          "passes": [
            "34666dce-0d0d-4d7f-a319-c0e3141cc886",
            "2be4f27d-84ba-48ba-81ec-a8f1410386d5",
            "07ca305d-b690-47e2-919d-1feee3f9e130"
          ],
          "failures": [],
          "pending": [],
          "skipped": [],
          "duration": 43242,
          "root": false,
          "rootEmpty": false,
          "_timeout": 2000
        }
      ],
      "passes": [],
      "failures": [],
      "pending": [],
      "skipped": [],
      "duration": 0,
      "root": true,
      "rootEmpty": true,
      "_timeout": 2000
    }
  ],
  "meta": {
    "mocha": {
      "version": "7.0.1"
    },
    "mochawesome": {
      "options": {
        "quiet": false,
        "reportFilename": "mochawesome",
        "saveHtml": false,
        "saveJson": true,
        "consoleReporter": "spec",
        "useInlineDiffs": false,
        "code": true
      },
      "version": "7.1.3"
    },
    "marge": {
      "options": {
        "reportDir": "cypress/reports",
        "overwrite": false,
        "html": false,
        "json": true
      },
      "version": "6.2.0"
    }
  }
}