{
  "stats": {
    "suites": 0,
    "tests": 1,
    "passes": 1,
    "pending": 0,
    "failures": 0,
    "start": "2024-07-11T05:35:36.365Z",
    "end": "2024-07-11T05:35:46.474Z",
    "duration": 10109,
    "testsRegistered": 1,
    "passPercent": 100,
    "pendingPercent": 0,
    "other": 0,
    "hasOther": false,
    "skipped": 0,
    "hasSkipped": false
  },
  "results": [
    {
      "uuid": "d8936f3e-2af6-49d2-9ec6-421aad46db98",
      "title": "",
      "fullFile": "cypress\\e2e\\motor.cy.js",
      "file": "cypress\\e2e\\motor.cy.js",
      "beforeHooks": [],
      "afterHooks": [],
      "tests": [
        {
          "title": "GDIC Motor test",
          "fullTitle": "GDIC Motor test",
          "timedOut": null,
          "duration": 10066,
          "state": "passed",
          "speed": "slow",
          "pass": true,
          "fail": false,
          "pending": false,
          "context": null,
          "code": "cy.visit('https://cisqatest.green-delta.com/');\ncy.get('.mb-5 > .input-group > .form-control').click().type('22222');\ncy.get(':nth-child(3) > .input-group > .form-control').click().type('UmmaHabiba1412');\ncy.get('#kt_login_signin_submit').click();\n// Wait for the login to complete and the page to load\ncy.wait(2000); // Adjust the wait time as necessary\n// Open the dropdown menu\ncy.get('.ng-select-container').click(); // Adjust the selector based on the actual button that toggles the dropdown\n// Select \"AHO\" from the dropdown menu\ncy.get('.ng-option').contains('AHO').click(); // Adjust the selector to match the actual dropdown menu\n// Verify the branch selection (optional)\ncy.get('.ng-select-container').should('contain', 'AHO'); // Adjust the selector based on the actual button that shows the selected item\ncy.get(':nth-child(3) > .menu-toggle > .menu-arrow').click();\ncy.get('.menu-item-open > .menu-submenu > .menu-subnav > :nth-child(4) > .menu-link > .menu-text').click();\ncy.screenshot();\ncy.get('.card-toolbar > .btn').click();\ncy.get('[style=\"align-items: center;\"] > .btn').click();",
          "err": {},
          "uuid": "2b2df261-721f-4574-bb9e-d02caae45fab",
          "parentUUID": "d8936f3e-2af6-49d2-9ec6-421aad46db98",
          "isHook": false,
          "skipped": false
        }
      ],
      "suites": [],
      "passes": [
        "2b2df261-721f-4574-bb9e-d02caae45fab"
      ],
      "failures": [],
      "pending": [],
      "skipped": [],
      "duration": 10066,
      "root": true,
      "rootEmpty": false,
      "_timeout": 2000
    }
  ],
  "meta": {
    "mocha": {
      "version": "7.0.1"
    },
    "mochawesome": {
      "options": {
        "quiet": false,
        "reportFilename": "mochawesome",
        "saveHtml": false,
        "saveJson": true,
        "consoleReporter": "spec",
        "useInlineDiffs": false,
        "code": true
      },
      "version": "7.1.3"
    },
    "marge": {
      "options": {
        "reportDir": "cypress/reports",
        "overwrite": false,
        "html": false,
        "json": true
      },
      "version": "6.2.0"
    }
  }
}